app/build/outputs/logs/manifest-merger-debug-report.txt
-- Merging decision tree log ---
manifest
ADDED from src/main/AndroidManifest.xml:1:1-88:12
MERGED from src/main/AndroidManifest.xml:1:1-88:12
INJECTED from src/debug/AndroidManifest.xml:1:1-7:12
INJECTED from src/debug/AndroidManifest.xml:1:1-7:12
INJECTED from src/debug/AndroidManifest.xml:1:1-7:12
MERGED from [androidx.navigation:navigation-common:2.7.7] AndroidManifest.xml:17:1-22:12
MERGED from [androidx.navigation:navigation-runtime:2.7.7] AndroidManifest.xml:17:1-22:12
MERGED from [androidx.navigation:navigation-common-ktx:2.7.7] AndroidManifest.xml:2:1-7:12
MERGED from [androidx.navigation:navigation-runtime-ktx:2.7.7] AndroidManifest.xml:2:1-7:12
MERGED from [androidx.navigation:navigation-compose:2.7.7] AndroidManifest.xml:2:1-7:12
MERGED from [androidx.compose.material3:material3-android:1.2.0] AndroidManifest.xml:17:1-22:12
MERGED from [androidx.compose.material:material-android:1.6.1] AndroidManifest.xml:2:1-7:12
MERGED from [androidx.compose.material:material-icons-core-android:1.6.1] AndroidManifest.xml:2:1-7:12
MERGED from [androidx.compose.material:material-ripple-android:1.6.1] AndroidManifest.xml:2:1-7:12
MERGED from [androidx.compose.foundation:foundation-android:1.6.1] AndroidManifest.xml:2:1-7:12
MERGED from [androidx.compose.foundation:foundation-layout-android:1.6.1] AndroidManifest.xml:2:1-7:12
MERGED from [androidx.compose.animation:animation-core-android:1.6.1] AndroidManifest.xml:2:1-7:12
MERGED from [androidx.compose.animation:animation-android:1.6.1] AndroidManifest.xml:2:1-7:12
MERGED from [androidx.compose.ui:ui-tooling-data-android:1.6.1] AndroidManifest.xml:2:1-7:12
MERGED from [androidx.compose.ui:ui-unit-android:1.6.1] AndroidManifest.xml:2:1-7:12
MERGED from [androidx.compose.ui:ui-geometry-android:1.6.1] AndroidManifest.xml:2:1-7:12
MERGED from [androidx.compose.ui:ui-util-android:1.6.1] AndroidManifest.xml:2:1-7:12
MERGED from [androidx.compose.ui:ui-text-android:1.6.1] AndroidManifest.xml:2:1-7:12
MERGED from [androidx.compose.ui:ui-tooling-preview-android:1.6.1] AndroidManifest.xml:17:1-22:12
MERGED from [androidx.compose.ui:ui-tooling-android:1.6.1] AndroidManifest.xml:17:1-28:12
MERGED from [androidx.compose.ui:ui-graphics-android:1.6.1] AndroidManifest.xml:2:1-7:12
MERGED from [androidx.compose.ui:ui-test-manifest:1.6.1] AndroidManifest.xml:17:1-28:12
MERGED from [androidx.activity:activity:1.8.2] AndroidManifest.xml:17:1-22:12
MERGED from [androidx.emoji2:emoji2:1.3.0] AndroidManifest.xml:17:1-35:12
MERGED from [androidx.lifecycle:lifecycle-process:2.7.0] AndroidManifest.xml:17:1-35:12
MERGED from [androidx.lifecycle:lifecycle-livedata-core:2.7.0] AndroidManifest.xml:17:1-22:12
MERGED from [androidx.lifecycle:lifecycle-viewmodel-savedstate:2.7.0] AndroidManifest.xml:17:1-22:12
MERGED from [androidx.lifecycle:lifecycle-viewmodel-ktx:2.7.0] AndroidManifest.xml:2:1-7:12
MERGED from [androidx.savedstate:savedstate-ktx:1.2.1] AndroidManifest.xml:17:1-22:12
MERGED from [androidx.savedstate:savedstate:1.2.1] AndroidManifest.xml:17:1-22:12
MERGED from [androidx.lifecycle:lifecycle-viewmodel-compose:2.7.0] AndroidManifest.xml:2:1-7:12
MERGED from [androidx.compose.ui:ui-android:1.6.1] AndroidManifest.xml:2:1-7:12
MERGED from [androidx.activity:activity-ktx:1.8.2] AndroidManifest.xml:2:1-7:12
MERGED from [androidx.activity:activity-compose:1.8.2] AndroidManifest.xml:2:1-7:12
MERGED from [androidx.lifecycle:lifecycle-viewmodel:2.7.0] AndroidManifest.xml:17:1-22:12
MERGED from [com.goterl:lazysodium-android:5.2.0] AndroidManifest.xml:9:1-14:12
MERGED from [androidx.customview:customview-poolingcontainer:1.0.0] AndroidManifest.xml:17:1-23:12
MERGED from [androidx.core:core-ktx:1.16.0] AndroidManifest.xml:2:1-7:12
MERGED from [androidx.autofill:autofill:1.0.0] AndroidManifest.xml:17:1-24:12
MERGED from [androidx.core:core:1.16.0] AndroidManifest.xml:17:1-30:12
MERGED from [androidx.lifecycle:lifecycle-runtime:2.7.0] AndroidManifest.xml:2:1-7:12
MERGED from [androidx.lifecycle:lifecycle-runtime-ktx:2.7.0] AndroidManifest.xml:17:1-22:12
MERGED from [androidx.room:room-runtime:2.6.1] AndroidManifest.xml:17:1-31:12
MERGED from [androidx.room:room-ktx:2.6.1] AndroidManifest.xml:17:1-22:12
MERGED from [androidx.sqlite:sqlite-framework:2.4.0] AndroidManifest.xml:17:1-22:12
MERGED from [androidx.sqlite:sqlite:2.4.0] AndroidManifest.xml:17:1-22:12
MERGED from [androidx.compose.runtime:runtime-saveable-android:1.6.1] AndroidManifest.xml:2:1-7:12
MERGED from [androidx.compose.runtime:runtime-android:1.6.1] AndroidManifest.xml:2:1-7:12
MERGED from [androidx.security:security-crypto:1.1.0-alpha06] AndroidManifest.xml:17:1-22:12
MERGED from [androidx.arch.core:core-runtime:2.2.0] AndroidManifest.xml:17:1-22:12
MERGED from [androidx.profileinstaller:profileinstaller:1.3.0] AndroidManifest.xml:17:1-55:12
MERGED from [androidx.startup:startup-runtime:1.1.1] AndroidManifest.xml:17:1-33:12
MERGED from [androidx.tracing:tracing:1.2.0] AndroidManifest.xml:17:1-22:12
MERGED from [androidx.interpolator:interpolator:1.0.0] AndroidManifest.xml:17:1-22:12
MERGED from [androidx.versionedparcelable:versionedparcelable:1.1.1] AndroidManifest.xml:17:1-27:12
MERGED from [androidx.annotation:annotation-experimental:1.4.1] AndroidManifest.xml:2:1-7:12
MERGED from [androidx.core:core-viewtree:1.0.0] AndroidManifest.xml:2:1-7:12
	package
		INJECTED from src/debug/AndroidManifest.xml
	android:versionName
		INJECTED from src/debug/AndroidManifest.xml
	android:versionCode
		INJECTED from src/debug/AndroidManifest.xml
	xmlns:android
		ADDED from src/main/AndroidManifest.xml:1:11-69
uses-permission#android.permission.CAMERA
ADDED from src/main/AndroidManifest.xml:3:5-65
	android:name
		ADDED from src/main/AndroidManifest.xml:3:22-62
uses-feature#android.hardware.camera
ADDED from src/main/AndroidManifest.xml:4:5-85
	android:required
		ADDED from src/main/AndroidManifest.xml:4:58-82
	android:name
		ADDED from src/main/AndroidManifest.xml:4:19-57
uses-feature#android.hardware.camera.autofocus
ADDED from src/main/AndroidManifest.xml:5:5-95
	android:required
		ADDED from src/main/AndroidManifest.xml:5:68-92
	android:name
		ADDED from src/main/AndroidManifest.xml:5:19-67
uses-permission#android.permission.POST_NOTIFICATIONS
ADDED from src/main/AndroidManifest.xml:8:5-77
	android:name
		ADDED from src/main/AndroidManifest.xml:8:22-74
uses-permission#android.permission.USE_BIOMETRIC
ADDED from src/main/AndroidManifest.xml:11:5-72
	android:name
		ADDED from src/main/AndroidManifest.xml:11:22-69
uses-permission#android.permission.READ_MEDIA_IMAGES
ADDED from src/main/AndroidManifest.xml:15:5-76
	android:name
		ADDED from src/main/AndroidManifest.xml:15:22-73
uses-permission#android.permission.READ_EXTERNAL_STORAGE
ADDED from src/main/AndroidManifest.xml:17:5-107
	android:maxSdkVersion
		ADDED from src/main/AndroidManifest.xml:17:78-104
	android:name
		ADDED from src/main/AndroidManifest.xml:17:22-77
uses-permission#android.permission.NEARBY_WIFI_DEVICES
ADDED from src/main/AndroidManifest.xml:21:5-125
	android:usesPermissionFlags
		ADDED from src/main/AndroidManifest.xml:21:76-122
	android:name
		ADDED from src/main/AndroidManifest.xml:21:22-75
uses-permission#android.permission.ACCESS_FINE_LOCATION
ADDED from src/main/AndroidManifest.xml:23:5-79
	android:name
		ADDED from src/main/AndroidManifest.xml:23:22-76
uses-permission#android.permission.ACCESS_COARSE_LOCATION
ADDED from src/main/AndroidManifest.xml:24:5-81
	android:name
		ADDED from src/main/AndroidManifest.xml:24:22-78
uses-permission#android.permission.BLUETOOTH
ADDED from src/main/AndroidManifest.xml:27:5-95
	android:maxSdkVersion
		ADDED from src/main/AndroidManifest.xml:27:66-92
	android:name
		ADDED from src/main/AndroidManifest.xml:27:22-65
uses-permission#android.permission.BLUETOOTH_ADMIN
ADDED from src/main/AndroidManifest.xml:28:5-101
	android:maxSdkVersion
		ADDED from src/main/AndroidManifest.xml:28:72-98
	android:name
		ADDED from src/main/AndroidManifest.xml:28:22-71
uses-permission#android.permission.BLUETOOTH_SCAN
ADDED from src/main/AndroidManifest.xml:30:5-120
	android:usesPermissionFlags
		ADDED from src/main/AndroidManifest.xml:30:71-117
	android:name
		ADDED from src/main/AndroidManifest.xml:30:22-70
uses-permission#android.permission.BLUETOOTH_ADVERTISE
ADDED from src/main/AndroidManifest.xml:31:5-78
	android:name
		ADDED from src/main/AndroidManifest.xml:31:22-75
uses-permission#android.permission.BLUETOOTH_CONNECT
ADDED from src/main/AndroidManifest.xml:32:5-76
	android:name
		ADDED from src/main/AndroidManifest.xml:32:22-73
uses-permission#android.permission.CHANGE_WIFI_STATE
ADDED from src/main/AndroidManifest.xml:35:5-76
	android:name
		ADDED from src/main/AndroidManifest.xml:35:22-73
uses-permission#android.permission.ACCESS_WIFI_STATE
ADDED from src/main/AndroidManifest.xml:36:5-76
	android:name
		ADDED from src/main/AndroidManifest.xml:36:22-73
uses-permission#android.permission.CHANGE_WIFI_MULTICAST_STATE
ADDED from src/main/AndroidManifest.xml:38:5-86
	android:name
		ADDED from src/main/AndroidManifest.xml:38:22-83
uses-permission#android.permission.INTERNET
ADDED from src/main/AndroidManifest.xml:40:5-67
MERGED from src/main/AndroidManifest.xml:40:5-67
MERGED from src/main/AndroidManifest.xml:40:5-67
	android:name
		ADDED from src/main/AndroidManifest.xml:40:22-64
uses-permission#android.permission.WAKE_LOCK
ADDED from src/main/AndroidManifest.xml:42:5-68
	android:name
		ADDED from src/main/AndroidManifest.xml:42:22-65
uses-permission#android.permission.REQUEST_IGNORE_BATTERY_OPTIMIZATIONS
ADDED from src/main/AndroidManifest.xml:44:5-95
	android:name
		ADDED from src/main/AndroidManifest.xml:44:22-92
uses-feature#android.hardware.wifi.direct
ADDED from src/main/AndroidManifest.xml:46:5-90
	android:required
		ADDED from src/main/AndroidManifest.xml:46:63-87
	android:name
		ADDED from src/main/AndroidManifest.xml:46:19-62
uses-feature#android.hardware.bluetooth
ADDED from src/main/AndroidManifest.xml:48:5-88
	android:required
		ADDED from src/main/AndroidManifest.xml:48:61-85
	android:name
		ADDED from src/main/AndroidManifest.xml:48:19-60
uses-permission#android.permission.FOREGROUND_SERVICE
ADDED from src/main/AndroidManifest.xml:50:5-77
	android:name
		ADDED from src/main/AndroidManifest.xml:50:22-74
uses-permission#android.permission.FOREGROUND_SERVICE_DATA_SYNC
ADDED from src/main/AndroidManifest.xml:51:5-87
	android:name
		ADDED from src/main/AndroidManifest.xml:51:22-84
uses-permission#android.permission.FOREGROUND_SERVICE_CONNECTED_DEVICE
ADDED from src/main/AndroidManifest.xml:52:5-94
	android:name
		ADDED from src/main/AndroidManifest.xml:52:22-91
application
ADDED from src/main/AndroidManifest.xml:54:5-87:19
INJECTED from src/debug/AndroidManifest.xml
MERGED from [androidx.compose.ui:ui-tooling-android:1.6.1] AndroidManifest.xml:22:5-26:19
MERGED from [androidx.compose.ui:ui-tooling-android:1.6.1] AndroidManifest.xml:22:5-26:19
MERGED from [androidx.compose.ui:ui-test-manifest:1.6.1] AndroidManifest.xml:22:5-26:19
MERGED from [androidx.compose.ui:ui-test-manifest:1.6.1] AndroidManifest.xml:22:5-26:19
MERGED from [androidx.emoji2:emoji2:1.3.0] AndroidManifest.xml:23:5-33:19
MERGED from [androidx.emoji2:emoji2:1.3.0] AndroidManifest.xml:23:5-33:19
MERGED from [androidx.lifecycle:lifecycle-process:2.7.0] AndroidManifest.xml:23:5-33:19
MERGED from [androidx.lifecycle:lifecycle-process:2.7.0] AndroidManifest.xml:23:5-33:19
MERGED from [androidx.core:core:1.16.0] AndroidManifest.xml:28:5-89
MERGED from [androidx.core:core:1.16.0] AndroidManifest.xml:28:5-89
MERGED from [androidx.room:room-runtime:2.6.1] AndroidManifest.xml:23:5-29:19
MERGED from [androidx.room:room-runtime:2.6.1] AndroidManifest.xml:23:5-29:19
MERGED from [androidx.profileinstaller:profileinstaller:1.3.0] AndroidManifest.xml:23:5-53:19
MERGED from [androidx.profileinstaller:profileinstaller:1.3.0] AndroidManifest.xml:23:5-53:19
MERGED from [androidx.startup:startup-runtime:1.1.1] AndroidManifest.xml:25:5-31:19
MERGED from [androidx.startup:startup-runtime:1.1.1] AndroidManifest.xml:25:5-31:19
MERGED from [androidx.versionedparcelable:versionedparcelable:1.1.1] AndroidManifest.xml:24:5-25:19
MERGED from [androidx.versionedparcelable:versionedparcelable:1.1.1] AndroidManifest.xml:24:5-25:19
	android:extractNativeLibs
		INJECTED from src/debug/AndroidManifest.xml
	android:appComponentFactory
		ADDED from [androidx.core:core:1.16.0] AndroidManifest.xml:28:18-86
	android:label
		ADDED from src/main/AndroidManifest.xml:55:9-29
	android:icon
		ADDED from src/main/AndroidManifest.xml:56:9-43
	android:enableOnBackInvokedCallback
		ADDED from src/main/AndroidManifest.xml:57:9-51
	android:usesCleartextTraffic
		ADDED from src/main/AndroidManifest.xml:58:9-44
activity#org.sada.messenger.MainActivity
ADDED from src/main/AndroidManifest.xml:60:9-86:20
	android:launchMode
		ADDED from src/main/AndroidManifest.xml:63:13-43
	android:hardwareAccelerated
		ADDED from src/main/AndroidManifest.xml:65:13-47
	android:windowSoftInputMode
		ADDED from src/main/AndroidManifest.xml:66:13-55
	android:exported
		ADDED from src/main/AndroidManifest.xml:62:13-36
	android:configChanges
		ADDED from src/main/AndroidManifest.xml:64:13-163
	android:theme
		ADDED from src/main/AndroidManifest.xml:67:13-71
	android:name
		ADDED from src/main/AndroidManifest.xml:61:13-41
intent-filter#action:name:android.intent.action.MAIN+category:name:android.intent.category.LAUNCHER
ADDED from src/main/AndroidManifest.xml:68:13-71:29
action#android.intent.action.MAIN
ADDED from src/main/AndroidManifest.xml:69:17-68
	android:name
		ADDED from src/main/AndroidManifest.xml:69:25-66
category#android.intent.category.LAUNCHER
ADDED from src/main/AndroidManifest.xml:70:17-76
	android:name
		ADDED from src/main/AndroidManifest.xml:70:27-74
intent-filter#action:name:android.net.wifi.p2p.STATE_CHANGED
ADDED from src/main/AndroidManifest.xml:74:13-76:29
action#android.net.wifi.p2p.STATE_CHANGED
ADDED from src/main/AndroidManifest.xml:75:17-77
	android:name
		ADDED from src/main/AndroidManifest.xml:75:25-74
intent-filter#action:name:android.net.wifi.p2p.PEERS_CHANGED
ADDED from src/main/AndroidManifest.xml:77:13-79:29
action#android.net.wifi.p2p.PEERS_CHANGED
ADDED from src/main/AndroidManifest.xml:78:17-77
	android:name
		ADDED from src/main/AndroidManifest.xml:78:25-74
intent-filter#action:name:android.net.wifi.p2p.CONNECTION_CHANGED
ADDED from src/main/AndroidManifest.xml:80:13-82:29
action#android.net.wifi.p2p.CONNECTION_CHANGED
ADDED from src/main/AndroidManifest.xml:81:17-82
	android:name
		ADDED from src/main/AndroidManifest.xml:81:25-79
intent-filter#action:name:android.net.wifi.p2p.THIS_DEVICE_CHANGED
ADDED from src/main/AndroidManifest.xml:83:13-85:29
action#android.net.wifi.p2p.THIS_DEVICE_CHANGED
ADDED from src/main/AndroidManifest.xml:84:17-83
	android:name
		ADDED from src/main/AndroidManifest.xml:84:25-80
uses-sdk
INJECTED from src/debug/AndroidManifest.xml reason: use-sdk injection requested
INJECTED from src/debug/AndroidManifest.xml
INJECTED from src/debug/AndroidManifest.xml
MERGED from [androidx.navigation:navigation-common:2.7.7] AndroidManifest.xml:20:5-44
MERGED from [androidx.navigation:navigation-common:2.7.7] AndroidManifest.xml:20:5-44
MERGED from [androidx.navigation:navigation-runtime:2.7.7] AndroidManifest.xml:20:5-44
MERGED from [androidx.navigation:navigation-runtime:2.7.7] AndroidManifest.xml:20:5-44
MERGED from [androidx.navigation:navigation-common-ktx:2.7.7] AndroidManifest.xml:5:5-44
MERGED from [androidx.navigation:navigation-common-ktx:2.7.7] AndroidManifest.xml:5:5-44
MERGED from [androidx.navigation:navigation-runtime-ktx:2.7.7] AndroidManifest.xml:5:5-44
MERGED from [androidx.navigation:navigation-runtime-ktx:2.7.7] AndroidManifest.xml:5:5-44
MERGED from [androidx.navigation:navigation-compose:2.7.7] AndroidManifest.xml:5:5-44
MERGED from [androidx.navigation:navigation-compose:2.7.7] AndroidManifest.xml:5:5-44
MERGED from [androidx.compose.material3:material3-android:1.2.0] AndroidManifest.xml:20:5-44
MERGED from [androidx.compose.material3:material3-android:1.2.0] AndroidManifest.xml:20:5-44
MERGED from [androidx.compose.material:material-android:1.6.1] AndroidManifest.xml:5:5-44
MERGED from [androidx.compose.material:material-android:1.6.1] AndroidManifest.xml:5:5-44
MERGED from [androidx.compose.material:material-icons-core-android:1.6.1] AndroidManifest.xml:5:5-44
MERGED from [androidx.compose.material:material-icons-core-android:1.6.1] AndroidManifest.xml:5:5-44
MERGED from [androidx.compose.material:material-ripple-android:1.6.1] AndroidManifest.xml:5:5-44
MERGED from [androidx.compose.material:material-ripple-android:1.6.1] AndroidManifest.xml:5:5-44
MERGED from [androidx.compose.foundation:foundation-android:1.6.1] AndroidManifest.xml:5:5-44
MERGED from [androidx.compose.foundation:foundation-android:1.6.1] AndroidManifest.xml:5:5-44
MERGED from [androidx.compose.foundation:foundation-layout-android:1.6.1] AndroidManifest.xml:5:5-44
MERGED from [androidx.compose.foundation:foundation-layout-android:1.6.1] AndroidManifest.xml:5:5-44
MERGED from [androidx.compose.animation:animation-core-android:1.6.1] AndroidManifest.xml:5:5-44
MERGED from [androidx.compose.animation:animation-core-android:1.6.1] AndroidManifest.xml:5:5-44
MERGED from [androidx.compose.animation:animation-android:1.6.1] AndroidManifest.xml:5:5-44
MERGED from [androidx.compose.animation:animation-android:1.6.1] AndroidManifest.xml:5:5-44
MERGED from [androidx.compose.ui:ui-tooling-data-android:1.6.1] AndroidManifest.xml:5:5-44
MERGED from [androidx.compose.ui:ui-tooling-data-android:1.6.1] AndroidManifest.xml:5:5-44
MERGED from [androidx.compose.ui:ui-unit-android:1.6.1] AndroidManifest.xml:5:5-44
MERGED from [androidx.compose.ui:ui-unit-android:1.6.1] AndroidManifest.xml:5:5-44
MERGED from [androidx.compose.ui:ui-geometry-android:1.6.1] AndroidManifest.xml:5:5-44
MERGED from [androidx.compose.ui:ui-geometry-android:1.6.1] AndroidManifest.xml:5:5-44
MERGED from [androidx.compose.ui:ui-util-android:1.6.1] AndroidManifest.xml:5:5-44
MERGED from [androidx.compose.ui:ui-util-android:1.6.1] AndroidManifest.xml:5:5-44
MERGED from [androidx.compose.ui:ui-text-android:1.6.1] AndroidManifest.xml:5:5-44
MERGED from [androidx.compose.ui:ui-text-android:1.6.1] AndroidManifest.xml:5:5-44
MERGED from [androidx.compose.ui:ui-tooling-preview-android:1.6.1] AndroidManifest.xml:20:5-44
MERGED from [androidx.compose.ui:ui-tooling-preview-android:1.6.1] AndroidManifest.xml:20:5-44
MERGED from [androidx.compose.ui:ui-tooling-android:1.6.1] AndroidManifest.xml:20:5-44
MERGED from [androidx.compose.ui:ui-tooling-android:1.6.1] AndroidManifest.xml:20:5-44
MERGED from [androidx.compose.ui:ui-graphics-android:1.6.1] AndroidManifest.xml:5:5-44
MERGED from [androidx.compose.ui:ui-graphics-android:1.6.1] AndroidManifest.xml:5:5-44
MERGED from [androidx.compose.ui:ui-test-manifest:1.6.1] AndroidManifest.xml:20:5-44
MERGED from [androidx.compose.ui:ui-test-manifest:1.6.1] AndroidManifest.xml:20:5-44
MERGED from [androidx.activity:activity:1.8.2] AndroidManifest.xml:20:5-44
MERGED from [androidx.activity:activity:1.8.2] AndroidManifest.xml:20:5-44
MERGED from [androidx.emoji2:emoji2:1.3.0] AndroidManifest.xml:21:5-44
MERGED from [androidx.emoji2:emoji2:1.3.0] AndroidManifest.xml:21:5-44
MERGED from [androidx.lifecycle:lifecycle-process:2.7.0] AndroidManifest.xml:21:5-44
MERGED from [androidx.lifecycle:lifecycle-process:2.7.0] AndroidManifest.xml:21:5-44
MERGED from [androidx.lifecycle:lifecycle-livedata-core:2.7.0] AndroidManifest.xml:20:5-44
MERGED from [androidx.lifecycle:lifecycle-livedata-core:2.7.0] AndroidManifest.xml:20:5-44
MERGED from [androidx.lifecycle:lifecycle-viewmodel-savedstate:2.7.0] AndroidManifest.xml:20:5-44
MERGED from [androidx.lifecycle:lifecycle-viewmodel-savedstate:2.7.0] AndroidManifest.xml:20:5-44
MERGED from [androidx.lifecycle:lifecycle-viewmodel-ktx:2.7.0] AndroidManifest.xml:5:5-44
MERGED from [androidx.lifecycle:lifecycle-viewmodel-ktx:2.7.0] AndroidManifest.xml:5:5-44
MERGED from [androidx.savedstate:savedstate-ktx:1.2.1] AndroidManifest.xml:20:5-44
MERGED from [androidx.savedstate:savedstate-ktx:1.2.1] AndroidManifest.xml:20:5-44
MERGED from [androidx.savedstate:savedstate:1.2.1] AndroidManifest.xml:20:5-44
MERGED from [androidx.savedstate:savedstate:1.2.1] AndroidManifest.xml:20:5-44
MERGED from [androidx.lifecycle:lifecycle-viewmodel-compose:2.7.0] AndroidManifest.xml:5:5-44
MERGED from [androidx.lifecycle:lifecycle-viewmodel-compose:2.7.0] AndroidManifest.xml:5:5-44
MERGED from [androidx.compose.ui:ui-android:1.6.1] AndroidManifest.xml:5:5-44
MERGED from [androidx.compose.ui:ui-android:1.6.1] AndroidManifest.xml:5:5-44
MERGED from [androidx.activity:activity-ktx:1.8.2] AndroidManifest.xml:5:5-44
MERGED from [androidx.activity:activity-ktx:1.8.2] AndroidManifest.xml:5:5-44
MERGED from [androidx.activity:activity-compose:1.8.2] AndroidManifest.xml:5:5-44
MERGED from [androidx.activity:activity-compose:1.8.2] AndroidManifest.xml:5:5-44
MERGED from [androidx.lifecycle:lifecycle-viewmodel:2.7.0] AndroidManifest.xml:20:5-44
MERGED from [androidx.lifecycle:lifecycle-viewmodel:2.7.0] AndroidManifest.xml:20:5-44
MERGED from [com.goterl:lazysodium-android:5.2.0] AndroidManifest.xml:12:5-44
MERGED from [com.goterl:lazysodium-android:5.2.0] AndroidManifest.xml:12:5-44
MERGED from [androidx.customview:customview-poolingcontainer:1.0.0] AndroidManifest.xml:20:5-21:38
MERGED from [androidx.customview:customview-poolingcontainer:1.0.0] AndroidManifest.xml:20:5-21:38
MERGED from [androidx.core:core-ktx:1.16.0] AndroidManifest.xml:5:5-44
MERGED from [androidx.core:core-ktx:1.16.0] AndroidManifest.xml:5:5-44
MERGED from [androidx.autofill:autofill:1.0.0] AndroidManifest.xml:20:5-22:41
MERGED from [androidx.autofill:autofill:1.0.0] AndroidManifest.xml:20:5-22:41
MERGED from [androidx.core:core:1.16.0] AndroidManifest.xml:20:5-44
MERGED from [androidx.core:core:1.16.0] AndroidManifest.xml:20:5-44
MERGED from [androidx.lifecycle:lifecycle-runtime:2.7.0] AndroidManifest.xml:5:5-44
MERGED from [androidx.lifecycle:lifecycle-runtime:2.7.0] AndroidManifest.xml:5:5-44
MERGED from [androidx.lifecycle:lifecycle-runtime-ktx:2.7.0] AndroidManifest.xml:20:5-44
MERGED from [androidx.lifecycle:lifecycle-runtime-ktx:2.7.0] AndroidManifest.xml:20:5-44
MERGED from [androidx.room:room-runtime:2.6.1] AndroidManifest.xml:21:5-44
MERGED from [androidx.room:room-runtime:2.6.1] AndroidManifest.xml:21:5-44
MERGED from [androidx.room:room-ktx:2.6.1] AndroidManifest.xml:20:5-44
MERGED from [androidx.room:room-ktx:2.6.1] AndroidManifest.xml:20:5-44
MERGED from [androidx.sqlite:sqlite-framework:2.4.0] AndroidManifest.xml:20:5-44
MERGED from [androidx.sqlite:sqlite-framework:2.4.0] AndroidManifest.xml:20:5-44
MERGED from [androidx.sqlite:sqlite:2.4.0] AndroidManifest.xml:20:5-44
MERGED from [androidx.sqlite:sqlite:2.4.0] AndroidManifest.xml:20:5-44
MERGED from [androidx.compose.runtime:runtime-saveable-android:1.6.1] AndroidManifest.xml:5:5-44
MERGED from [androidx.compose.runtime:runtime-saveable-android:1.6.1] AndroidManifest.xml:5:5-44
MERGED from [androidx.compose.runtime:runtime-android:1.6.1] AndroidManifest.xml:5:5-44
MERGED from [androidx.compose.runtime:runtime-android:1.6.1] AndroidManifest.xml:5:5-44
MERGED from [androidx.security:security-crypto:1.1.0-alpha06] AndroidManifest.xml:20:5-44
MERGED from [androidx.security:security-crypto:1.1.0-alpha06] AndroidManifest.xml:20:5-44
MERGED from [androidx.arch.core:core-runtime:2.2.0] AndroidManifest.xml:20:5-44
MERGED from [androidx.arch.core:core-runtime:2.2.0] AndroidManifest.xml:20:5-44
MERGED from [androidx.profileinstaller:profileinstaller:1.3.0] AndroidManifest.xml:21:5-44
MERGED from [androidx.profileinstaller:profileinstaller:1.3.0] AndroidManifest.xml:21:5-44
MERGED from [androidx.startup:startup-runtime:1.1.1] AndroidManifest.xml:21:5-23:41
MERGED from [androidx.startup:startup-runtime:1.1.1] AndroidManifest.xml:21:5-23:41
MERGED from [androidx.tracing:tracing:1.2.0] AndroidManifest.xml:20:5-44
MERGED from [androidx.tracing:tracing:1.2.0] AndroidManifest.xml:20:5-44
MERGED from [androidx.interpolator:interpolator:1.0.0] AndroidManifest.xml:20:5-44
MERGED from [androidx.interpolator:interpolator:1.0.0] AndroidManifest.xml:20:5-44
MERGED from [androidx.versionedparcelable:versionedparcelable:1.1.1] AndroidManifest.xml:20:5-22:41
MERGED from [androidx.versionedparcelable:versionedparcelable:1.1.1] AndroidManifest.xml:20:5-22:41
MERGED from [androidx.annotation:annotation-experimental:1.4.1] AndroidManifest.xml:5:5-44
MERGED from [androidx.annotation:annotation-experimental:1.4.1] AndroidManifest.xml:5:5-44
MERGED from [androidx.core:core-viewtree:1.0.0] AndroidManifest.xml:5:5-44
MERGED from [androidx.core:core-viewtree:1.0.0] AndroidManifest.xml:5:5-44
	android:targetSdkVersion
		INJECTED from src/debug/AndroidManifest.xml
	android:minSdkVersion
		INJECTED from src/debug/AndroidManifest.xml
activity#androidx.compose.ui.tooling.PreviewActivity
ADDED from [androidx.compose.ui:ui-tooling-android:1.6.1] AndroidManifest.xml:23:9-25:39
	android:exported
		ADDED from [androidx.compose.ui:ui-tooling-android:1.6.1] AndroidManifest.xml:25:13-36
	android:name
		ADDED from [androidx.compose.ui:ui-tooling-android:1.6.1] AndroidManifest.xml:24:13-71
activity#androidx.activity.ComponentActivity
ADDED from [androidx.compose.ui:ui-test-manifest:1.6.1] AndroidManifest.xml:23:9-25:39
	android:exported
		ADDED from [androidx.compose.ui:ui-test-manifest:1.6.1] AndroidManifest.xml:25:13-36
	android:name
		ADDED from [androidx.compose.ui:ui-test-manifest:1.6.1] AndroidManifest.xml:24:13-63
provider#androidx.startup.InitializationProvider
ADDED from [androidx.emoji2:emoji2:1.3.0] AndroidManifest.xml:24:9-32:20
MERGED from [androidx.lifecycle:lifecycle-process:2.7.0] AndroidManifest.xml:24:9-32:20
MERGED from [androidx.lifecycle:lifecycle-process:2.7.0] AndroidManifest.xml:24:9-32:20
MERGED from [androidx.profileinstaller:profileinstaller:1.3.0] AndroidManifest.xml:24:9-32:20
MERGED from [androidx.profileinstaller:profileinstaller:1.3.0] AndroidManifest.xml:24:9-32:20
MERGED from [androidx.startup:startup-runtime:1.1.1] AndroidManifest.xml:26:9-30:34
MERGED from [androidx.startup:startup-runtime:1.1.1] AndroidManifest.xml:26:9-30:34
	tools:node
		ADDED from [androidx.emoji2:emoji2:1.3.0] AndroidManifest.xml:28:13-31
	android:authorities
		ADDED from [androidx.emoji2:emoji2:1.3.0] AndroidManifest.xml:26:13-68
	android:exported
		ADDED from [androidx.emoji2:emoji2:1.3.0] AndroidManifest.xml:27:13-37
	android:name
		ADDED from [androidx.emoji2:emoji2:1.3.0] AndroidManifest.xml:25:13-67
meta-data#androidx.emoji2.text.EmojiCompatInitializer
ADDED from [androidx.emoji2:emoji2:1.3.0] AndroidManifest.xml:29:13-31:52
	android:value
		ADDED from [androidx.emoji2:emoji2:1.3.0] AndroidManifest.xml:31:17-49
	android:name
		ADDED from [androidx.emoji2:emoji2:1.3.0] AndroidManifest.xml:30:17-75
meta-data#androidx.lifecycle.ProcessLifecycleInitializer
ADDED from [androidx.lifecycle:lifecycle-process:2.7.0] AndroidManifest.xml:29:13-31:52
	android:value
		ADDED from [androidx.lifecycle:lifecycle-process:2.7.0] AndroidManifest.xml:31:17-49
	android:name
		ADDED from [androidx.lifecycle:lifecycle-process:2.7.0] AndroidManifest.xml:30:17-78
permission#${applicationId}.DYNAMIC_RECEIVER_NOT_EXPORTED_PERMISSION
ADDED from [androidx.core:core:1.16.0] AndroidManifest.xml:22:5-24:47
	android:protectionLevel
		ADDED from [androidx.core:core:1.16.0] AndroidManifest.xml:24:9-44
	android:name
		ADDED from [androidx.core:core:1.16.0] AndroidManifest.xml:23:9-81
permission#org.sada.messenger.DYNAMIC_RECEIVER_NOT_EXPORTED_PERMISSION
ADDED from [androidx.core:core:1.16.0] AndroidManifest.xml:22:5-24:47
	android:protectionLevel
		ADDED from [androidx.core:core:1.16.0] AndroidManifest.xml:24:9-44
	android:name
		ADDED from [androidx.core:core:1.16.0] AndroidManifest.xml:23:9-81
uses-permission#${applicationId}.DYNAMIC_RECEIVER_NOT_EXPORTED_PERMISSION
ADDED from [androidx.core:core:1.16.0] AndroidManifest.xml:26:5-97
	android:name
		ADDED from [androidx.core:core:1.16.0] AndroidManifest.xml:26:22-94
uses-permission#org.sada.messenger.DYNAMIC_RECEIVER_NOT_EXPORTED_PERMISSION
ADDED from [androidx.core:core:1.16.0] AndroidManifest.xml:26:5-97
	android:name
		ADDED from [androidx.core:core:1.16.0] AndroidManifest.xml:26:22-94
service#androidx.room.MultiInstanceInvalidationService
ADDED from [androidx.room:room-runtime:2.6.1] AndroidManifest.xml:24:9-28:63
	android:exported
		ADDED from [androidx.room:room-runtime:2.6.1] AndroidManifest.xml:27:13-37
	tools:ignore
		ADDED from [androidx.room:room-runtime:2.6.1] AndroidManifest.xml:28:13-60
	android:directBootAware
		ADDED from [androidx.room:room-runtime:2.6.1] AndroidManifest.xml:26:13-43
	android:name
		ADDED from [androidx.room:room-runtime:2.6.1] AndroidManifest.xml:25:13-74
meta-data#androidx.profileinstaller.ProfileInstallerInitializer
ADDED from [androidx.profileinstaller:profileinstaller:1.3.0] AndroidManifest.xml:29:13-31:52
	android:value
		ADDED from [androidx.profileinstaller:profileinstaller:1.3.0] AndroidManifest.xml:31:17-49
	android:name
		ADDED from [androidx.profileinstaller:profileinstaller:1.3.0] AndroidManifest.xml:30:17-85
receiver#androidx.profileinstaller.ProfileInstallReceiver
ADDED from [androidx.profileinstaller:profileinstaller:1.3.0] AndroidManifest.xml:34:9-52:20
	android:enabled
		ADDED from [androidx.profileinstaller:profileinstaller:1.3.0] AndroidManifest.xml:37:13-35
	android:exported
		ADDED from [androidx.profileinstaller:profileinstaller:1.3.0] AndroidManifest.xml:38:13-36
	android:permission
		ADDED from [androidx.profileinstaller:profileinstaller:1.3.0] AndroidManifest.xml:39:13-57
	android:directBootAware
		ADDED from [androidx.profileinstaller:profileinstaller:1.3.0] AndroidManifest.xml:36:13-44
	android:name